[2019-03-22 12:55:19] laravel.EMERGENCY: Unable to create configured logger. Using emergency logger. {"exception":"[object] (InvalidArgumentException(code: 0): Log [] is not defined. at /home/adminos/Sites/amanatfish/vendor/laravel/framework/src/Illuminate/Log/LogManager.php:181)
[stacktrace]
#0 /home/adminos/Sites/amanatfish/vendor/laravel/framework/src/Illuminate/Log/LogManager.php(115): Illuminate\\Log\\LogManager->resolve(NULL)
#1 /home/adminos/Sites/amanatfish/vendor/laravel/framework/src/Illuminate/Log/LogManager.php(103): Illuminate\\Log\\LogManager->get(NULL)
#2 /home/adminos/Sites/amanatfish/vendor/laravel/framework/src/Illuminate/Log/LogManager.php(526): Illuminate\\Log\\LogManager->driver()
#3 /home/adminos/Sites/amanatfish/vendor/laravel/framework/src/Illuminate/Foundation/Exceptions/Handler.php(113): Illuminate\\Log\\LogManager->error('The \"\" director...', Array)
#4 /home/adminos/Sites/amanatfish/app/Exceptions/Handler.php(37): Illuminate\\Foundation\\Exceptions\\Handler->report(Object(InvalidArgumentException))
#5 /home/adminos/Sites/amanatfish/vendor/laravel/framework/src/Illuminate/Foundation/Http/Kernel.php(314): App\\Exceptions\\Handler->report(Object(InvalidArgumentException))
#6 /home/adminos/Sites/amanatfish/vendor/laravel/framework/src/Illuminate/Foundation/Http/Kernel.php(118): Illuminate\\Foundation\\Http\\Kernel->reportException(Object(InvalidArgumentException))
#7 /home/adminos/Sites/amanatfish/index.php(55): Illuminate\\Foundation\\Http\\Kernel->handle(Object(Illuminate\\Http\\Request))
#8 {main}
"} 
[2019-03-22 12:55:19] laravel.ERROR: The "" directory does not exist. {"exception":"[object] (InvalidArgumentException(code: 0): The \"\" directory does not exist. at /home/adminos/Sites/amanatfish/vendor/symfony/finder/Finder.php:581)
[stacktrace]
#0 /home/adminos/Sites/amanatfish/vendor/laravel/framework/src/Illuminate/Foundation/Bootstrap/LoadConfiguration.php(87): Symfony\\Component\\Finder\\Finder->in(false)
#1 /home/adminos/Sites/amanatfish/vendor/laravel/framework/src/Illuminate/Foundation/Bootstrap/LoadConfiguration.php(64): Illuminate\\Foundation\\Bootstrap\\LoadConfiguration->getConfigurationFiles(Object(Illuminate\\Foundation\\Application))
#2 /home/adminos/Sites/amanatfish/vendor/laravel/framework/src/Illuminate/Foundation/Bootstrap/LoadConfiguration.php(39): Illuminate\\Foundation\\Bootstrap\\LoadConfiguration->loadConfigurationFiles(Object(Illuminate\\Foundation\\Application), Object(Illuminate\\Config\\Repository))
#3 /home/adminos/Sites/amanatfish/vendor/laravel/framework/src/Illuminate/Foundation/Application.php(206): Illuminate\\Foundation\\Bootstrap\\LoadConfiguration->bootstrap(Object(Illuminate\\Foundation\\Application))
#4 /home/adminos/Sites/amanatfish/vendor/laravel/framework/src/Illuminate/Foundation/Http/Kernel.php(162): Illuminate\\Foundation\\Application->bootstrapWith(Array)
#5 /home/adminos/Sites/amanatfish/vendor/laravel/framework/src/Illuminate/Foundation/Http/Kernel.php(146): Illuminate\\Foundation\\Http\\Kernel->bootstrap()
#6 /home/adminos/Sites/amanatfish/vendor/laravel/framework/src/Illuminate/Foundation/Http/Kernel.php(116): Illuminate\\Foundation\\Http\\Kernel->sendRequestThroughRouter(Object(Illuminate\\Http\\Request))
#7 /home/adminos/Sites/amanatfish/index.php(55): Illuminate\\Foundation\\Http\\Kernel->handle(Object(Illuminate\\Http\\Request))
#8 {main}
"} 
[2019-03-22 12:55:21] laravel.EMERGENCY: Unable to create configured logger. Using emergency logger. {"exception":"[object] (InvalidArgumentException(code: 0): Log [] is not defined. at /home/adminos/Sites/amanatfish/vendor/laravel/framework/src/Illuminate/Log/LogManager.php:181)
[stacktrace]
#0 /home/adminos/Sites/amanatfish/vendor/laravel/framework/src/Illuminate/Log/LogManager.php(115): Illuminate\\Log\\LogManager->resolve(NULL)
#1 /home/adminos/Sites/amanatfish/vendor/laravel/framework/src/Illuminate/Log/LogManager.php(103): Illuminate\\Log\\LogManager->get(NULL)
#2 /home/adminos/Sites/amanatfish/vendor/laravel/framework/src/Illuminate/Log/LogManager.php(526): Illuminate\\Log\\LogManager->driver()
#3 /home/adminos/Sites/amanatfish/vendor/laravel/framework/src/Illuminate/Foundation/Exceptions/Handler.php(113): Illuminate\\Log\\LogManager->error('The \"\" director...', Array)
#4 /home/adminos/Sites/amanatfish/app/Exceptions/Handler.php(37): Illuminate\\Foundation\\Exceptions\\Handler->report(Object(InvalidArgumentException))
#5 /home/adminos/Sites/amanatfish/vendor/laravel/framework/src/Illuminate/Foundation/Http/Kernel.php(314): App\\Exceptions\\Handler->report(Object(InvalidArgumentException))
#6 /home/adminos/Sites/amanatfish/vendor/laravel/framework/src/Illuminate/Foundation/Http/Kernel.php(118): Illuminate\\Foundation\\Http\\Kernel->reportException(Object(InvalidArgumentException))
#7 /home/adminos/Sites/amanatfish/index.php(55): Illuminate\\Foundation\\Http\\Kernel->handle(Object(Illuminate\\Http\\Request))
#8 {main}
"} 
[2019-03-22 12:55:21] laravel.ERROR: The "" directory does not exist. {"exception":"[object] (InvalidArgumentException(code: 0): The \"\" directory does not exist. at /home/adminos/Sites/amanatfish/vendor/symfony/finder/Finder.php:581)
[stacktrace]
#0 /home/adminos/Sites/amanatfish/vendor/laravel/framework/src/Illuminate/Foundation/Bootstrap/LoadConfiguration.php(87): Symfony\\Component\\Finder\\Finder->in(false)
#1 /home/adminos/Sites/amanatfish/vendor/laravel/framework/src/Illuminate/Foundation/Bootstrap/LoadConfiguration.php(64): Illuminate\\Foundation\\Bootstrap\\LoadConfiguration->getConfigurationFiles(Object(Illuminate\\Foundation\\Application))
#2 /home/adminos/Sites/amanatfish/vendor/laravel/framework/src/Illuminate/Foundation/Bootstrap/LoadConfiguration.php(39): Illuminate\\Foundation\\Bootstrap\\LoadConfiguration->loadConfigurationFiles(Object(Illuminate\\Foundation\\Application), Object(Illuminate\\Config\\Repository))
#3 /home/adminos/Sites/amanatfish/vendor/laravel/framework/src/Illuminate/Foundation/Application.php(206): Illuminate\\Foundation\\Bootstrap\\LoadConfiguration->bootstrap(Object(Illuminate\\Foundation\\Application))
#4 /home/adminos/Sites/amanatfish/vendor/laravel/framework/src/Illuminate/Foundation/Http/Kernel.php(162): Illuminate\\Foundation\\Application->bootstrapWith(Array)
#5 /home/adminos/Sites/amanatfish/vendor/laravel/framework/src/Illuminate/Foundation/Http/Kernel.php(146): Illuminate\\Foundation\\Http\\Kernel->bootstrap()
#6 /home/adminos/Sites/amanatfish/vendor/laravel/framework/src/Illuminate/Foundation/Http/Kernel.php(116): Illuminate\\Foundation\\Http\\Kernel->sendRequestThroughRouter(Object(Illuminate\\Http\\Request))
#7 /home/adminos/Sites/amanatfish/index.php(55): Illuminate\\Foundation\\Http\\Kernel->handle(Object(Illuminate\\Http\\Request))
#8 {main}
"} 
[2019-03-22 13:56:21] laravel.EMERGENCY: Unable to create configured logger. Using emergency logger. {"exception":"[object] (InvalidArgumentException(code: 0): Log [] is not defined. at /home/adminos/Sites/amanatfish/vendor/laravel/framework/src/Illuminate/Log/LogManager.php:181)
[stacktrace]
#0 /home/adminos/Sites/amanatfish/vendor/laravel/framework/src/Illuminate/Log/LogManager.php(115): Illuminate\\Log\\LogManager->resolve(NULL)
#1 /home/adminos/Sites/amanatfish/vendor/laravel/framework/src/Illuminate/Log/LogManager.php(103): Illuminate\\Log\\LogManager->get(NULL)
#2 /home/adminos/Sites/amanatfish/vendor/laravel/framework/src/Illuminate/Log/LogManager.php(526): Illuminate\\Log\\LogManager->driver()
#3 /home/adminos/Sites/amanatfish/vendor/laravel/framework/src/Illuminate/Foundation/Exceptions/Handler.php(113): Illuminate\\Log\\LogManager->error('The \"\" director...', Array)
#4 /home/adminos/Sites/amanatfish/app/Exceptions/Handler.php(37): Illuminate\\Foundation\\Exceptions\\Handler->report(Object(InvalidArgumentException))
#5 /home/adminos/Sites/amanatfish/vendor/laravel/framework/src/Illuminate/Foundation/Http/Kernel.php(314): App\\Exceptions\\Handler->report(Object(InvalidArgumentException))
#6 /home/adminos/Sites/amanatfish/vendor/laravel/framework/src/Illuminate/Foundation/Http/Kernel.php(118): Illuminate\\Foundation\\Http\\Kernel->reportException(Object(InvalidArgumentException))
#7 /home/adminos/Sites/amanatfish/index.php(55): Illuminate\\Foundation\\Http\\Kernel->handle(Object(Illuminate\\Http\\Request))
#8 {main}
"} 
[2019-03-22 13:56:21] laravel.ERROR: The "" directory does not exist. {"exception":"[object] (InvalidArgumentException(code: 0): The \"\" directory does not exist. at /home/adminos/Sites/amanatfish/vendor/symfony/finder/Finder.php:581)
[stacktrace]
#0 /home/adminos/Sites/amanatfish/vendor/laravel/framework/src/Illuminate/Foundation/Bootstrap/LoadConfiguration.php(87): Symfony\\Component\\Finder\\Finder->in(false)
#1 /home/adminos/Sites/amanatfish/vendor/laravel/framework/src/Illuminate/Foundation/Bootstrap/LoadConfiguration.php(64): Illuminate\\Foundation\\Bootstrap\\LoadConfiguration->getConfigurationFiles(Object(Illuminate\\Foundation\\Application))
#2 /home/adminos/Sites/amanatfish/vendor/laravel/framework/src/Illuminate/Foundation/Bootstrap/LoadConfiguration.php(39): Illuminate\\Foundation\\Bootstrap\\LoadConfiguration->loadConfigurationFiles(Object(Illuminate\\Foundation\\Application), Object(Illuminate\\Config\\Repository))
#3 /home/adminos/Sites/amanatfish/vendor/laravel/framework/src/Illuminate/Foundation/Application.php(206): Illuminate\\Foundation\\Bootstrap\\LoadConfiguration->bootstrap(Object(Illuminate\\Foundation\\Application))
#4 /home/adminos/Sites/amanatfish/vendor/laravel/framework/src/Illuminate/Foundation/Http/Kernel.php(162): Illuminate\\Foundation\\Application->bootstrapWith(Array)
#5 /home/adminos/Sites/amanatfish/vendor/laravel/framework/src/Illuminate/Foundation/Http/Kernel.php(146): Illuminate\\Foundation\\Http\\Kernel->bootstrap()
#6 /home/adminos/Sites/amanatfish/vendor/laravel/framework/src/Illuminate/Foundation/Http/Kernel.php(116): Illuminate\\Foundation\\Http\\Kernel->sendRequestThroughRouter(Object(Illuminate\\Http\\Request))
#7 /home/adminos/Sites/amanatfish/index.php(55): Illuminate\\Foundation\\Http\\Kernel->handle(Object(Illuminate\\Http\\Request))
#8 {main}
"} 
[2019-03-22 13:56:23] laravel.EMERGENCY: Unable to create configured logger. Using emergency logger. {"exception":"[object] (InvalidArgumentException(code: 0): Log [] is not defined. at /home/adminos/Sites/amanatfish/vendor/laravel/framework/src/Illuminate/Log/LogManager.php:181)
[stacktrace]
#0 /home/adminos/Sites/amanatfish/vendor/laravel/framework/src/Illuminate/Log/LogManager.php(115): Illuminate\\Log\\LogManager->resolve(NULL)
#1 /home/adminos/Sites/amanatfish/vendor/laravel/framework/src/Illuminate/Log/LogManager.php(103): Illuminate\\Log\\LogManager->get(NULL)
#2 /home/adminos/Sites/amanatfish/vendor/laravel/framework/src/Illuminate/Log/LogManager.php(526): Illuminate\\Log\\LogManager->driver()
#3 /home/adminos/Sites/amanatfish/vendor/laravel/framework/src/Illuminate/Foundation/Exceptions/Handler.php(113): Illuminate\\Log\\LogManager->error('The \"\" director...', Array)
#4 /home/adminos/Sites/amanatfish/app/Exceptions/Handler.php(37): Illuminate\\Foundation\\Exceptions\\Handler->report(Object(InvalidArgumentException))
#5 /home/adminos/Sites/amanatfish/vendor/laravel/framework/src/Illuminate/Foundation/Http/Kernel.php(314): App\\Exceptions\\Handler->report(Object(InvalidArgumentException))
#6 /home/adminos/Sites/amanatfish/vendor/laravel/framework/src/Illuminate/Foundation/Http/Kernel.php(118): Illuminate\\Foundation\\Http\\Kernel->reportException(Object(InvalidArgumentException))
#7 /home/adminos/Sites/amanatfish/index.php(55): Illuminate\\Foundation\\Http\\Kernel->handle(Object(Illuminate\\Http\\Request))
#8 {main}
"} 
[2019-03-22 13:56:23] laravel.ERROR: The "" directory does not exist. {"exception":"[object] (InvalidArgumentException(code: 0): The \"\" directory does not exist. at /home/adminos/Sites/amanatfish/vendor/symfony/finder/Finder.php:581)
[stacktrace]
#0 /home/adminos/Sites/amanatfish/vendor/laravel/framework/src/Illuminate/Foundation/Bootstrap/LoadConfiguration.php(87): Symfony\\Component\\Finder\\Finder->in(false)
#1 /home/adminos/Sites/amanatfish/vendor/laravel/framework/src/Illuminate/Foundation/Bootstrap/LoadConfiguration.php(64): Illuminate\\Foundation\\Bootstrap\\LoadConfiguration->getConfigurationFiles(Object(Illuminate\\Foundation\\Application))
#2 /home/adminos/Sites/amanatfish/vendor/laravel/framework/src/Illuminate/Foundation/Bootstrap/LoadConfiguration.php(39): Illuminate\\Foundation\\Bootstrap\\LoadConfiguration->loadConfigurationFiles(Object(Illuminate\\Foundation\\Application), Object(Illuminate\\Config\\Repository))
#3 /home/adminos/Sites/amanatfish/vendor/laravel/framework/src/Illuminate/Foundation/Application.php(206): Illuminate\\Foundation\\Bootstrap\\LoadConfiguration->bootstrap(Object(Illuminate\\Foundation\\Application))
#4 /home/adminos/Sites/amanatfish/vendor/laravel/framework/src/Illuminate/Foundation/Http/Kernel.php(162): Illuminate\\Foundation\\Application->bootstrapWith(Array)
#5 /home/adminos/Sites/amanatfish/vendor/laravel/framework/src/Illuminate/Foundation/Http/Kernel.php(146): Illuminate\\Foundation\\Http\\Kernel->bootstrap()
#6 /home/adminos/Sites/amanatfish/vendor/laravel/framework/src/Illuminate/Foundation/Http/Kernel.php(116): Illuminate\\Foundation\\Http\\Kernel->sendRequestThroughRouter(Object(Illuminate\\Http\\Request))
#7 /home/adminos/Sites/amanatfish/index.php(55): Illuminate\\Foundation\\Http\\Kernel->handle(Object(Illuminate\\Http\\Request))
#8 {main}
"} 
[2019-03-22 13:56:23] laravel.EMERGENCY: Unable to create configured logger. Using emergency logger. {"exception":"[object] (InvalidArgumentException(code: 0): Log [] is not defined. at /home/adminos/Sites/amanatfish/vendor/laravel/framework/src/Illuminate/Log/LogManager.php:181)
[stacktrace]
#0 /home/adminos/Sites/amanatfish/vendor/laravel/framework/src/Illuminate/Log/LogManager.php(115): Illuminate\\Log\\LogManager->resolve(NULL)
#1 /home/adminos/Sites/amanatfish/vendor/laravel/framework/src/Illuminate/Log/LogManager.php(103): Illuminate\\Log\\LogManager->get(NULL)
#2 /home/adminos/Sites/amanatfish/vendor/laravel/framework/src/Illuminate/Log/LogManager.php(526): Illuminate\\Log\\LogManager->driver()
#3 /home/adminos/Sites/amanatfish/vendor/laravel/framework/src/Illuminate/Foundation/Exceptions/Handler.php(113): Illuminate\\Log\\LogManager->error('The \"\" director...', Array)
#4 /home/adminos/Sites/amanatfish/app/Exceptions/Handler.php(37): Illuminate\\Foundation\\Exceptions\\Handler->report(Object(InvalidArgumentException))
#5 /home/adminos/Sites/amanatfish/vendor/laravel/framework/src/Illuminate/Foundation/Http/Kernel.php(314): App\\Exceptions\\Handler->report(Object(InvalidArgumentException))
#6 /home/adminos/Sites/amanatfish/vendor/laravel/framework/src/Illuminate/Foundation/Http/Kernel.php(118): Illuminate\\Foundation\\Http\\Kernel->reportException(Object(InvalidArgumentException))
#7 /home/adminos/Sites/amanatfish/index.php(55): Illuminate\\Foundation\\Http\\Kernel->handle(Object(Illuminate\\Http\\Request))
#8 {main}
"} 
[2019-03-22 13:56:23] laravel.ERROR: The "" directory does not exist. {"exception":"[object] (InvalidArgumentException(code: 0): The \"\" directory does not exist. at /home/adminos/Sites/amanatfish/vendor/symfony/finder/Finder.php:581)
[stacktrace]
#0 /home/adminos/Sites/amanatfish/vendor/laravel/framework/src/Illuminate/Foundation/Bootstrap/LoadConfiguration.php(87): Symfony\\Component\\Finder\\Finder->in(false)
#1 /home/adminos/Sites/amanatfish/vendor/laravel/framework/src/Illuminate/Foundation/Bootstrap/LoadConfiguration.php(64): Illuminate\\Foundation\\Bootstrap\\LoadConfiguration->getConfigurationFiles(Object(Illuminate\\Foundation\\Application))
#2 /home/adminos/Sites/amanatfish/vendor/laravel/framework/src/Illuminate/Foundation/Bootstrap/LoadConfiguration.php(39): Illuminate\\Foundation\\Bootstrap\\LoadConfiguration->loadConfigurationFiles(Object(Illuminate\\Foundation\\Application), Object(Illuminate\\Config\\Repository))
#3 /home/adminos/Sites/amanatfish/vendor/laravel/framework/src/Illuminate/Foundation/Application.php(206): Illuminate\\Foundation\\Bootstrap\\LoadConfiguration->bootstrap(Object(Illuminate\\Foundation\\Application))
#4 /home/adminos/Sites/amanatfish/vendor/laravel/framework/src/Illuminate/Foundation/Http/Kernel.php(162): Illuminate\\Foundation\\Application->bootstrapWith(Array)
#5 /home/adminos/Sites/amanatfish/vendor/laravel/framework/src/Illuminate/Foundation/Http/Kernel.php(146): Illuminate\\Foundation\\Http\\Kernel->bootstrap()
#6 /home/adminos/Sites/amanatfish/vendor/laravel/framework/src/Illuminate/Foundation/Http/Kernel.php(116): Illuminate\\Foundation\\Http\\Kernel->sendRequestThroughRouter(Object(Illuminate\\Http\\Request))
#7 /home/adminos/Sites/amanatfish/index.php(55): Illuminate\\Foundation\\Http\\Kernel->handle(Object(Illuminate\\Http\\Request))
#8 {main}
"} 
[2019-03-22 13:56:23] laravel.EMERGENCY: Unable to create configured logger. Using emergency logger. {"exception":"[object] (InvalidArgumentException(code: 0): Log [] is not defined. at /home/adminos/Sites/amanatfish/vendor/laravel/framework/src/Illuminate/Log/LogManager.php:181)
[stacktrace]
#0 /home/adminos/Sites/amanatfish/vendor/laravel/framework/src/Illuminate/Log/LogManager.php(115): Illuminate\\Log\\LogManager->resolve(NULL)
#1 /home/adminos/Sites/amanatfish/vendor/laravel/framework/src/Illuminate/Log/LogManager.php(103): Illuminate\\Log\\LogManager->get(NULL)
#2 /home/adminos/Sites/amanatfish/vendor/laravel/framework/src/Illuminate/Log/LogManager.php(526): Illuminate\\Log\\LogManager->driver()
#3 /home/adminos/Sites/amanatfish/vendor/laravel/framework/src/Illuminate/Foundation/Exceptions/Handler.php(113): Illuminate\\Log\\LogManager->error('The \"\" director...', Array)
#4 /home/adminos/Sites/amanatfish/app/Exceptions/Handler.php(37): Illuminate\\Foundation\\Exceptions\\Handler->report(Object(InvalidArgumentException))
#5 /home/adminos/Sites/amanatfish/vendor/laravel/framework/src/Illuminate/Foundation/Http/Kernel.php(314): App\\Exceptions\\Handler->report(Object(InvalidArgumentException))
#6 /home/adminos/Sites/amanatfish/vendor/laravel/framework/src/Illuminate/Foundation/Http/Kernel.php(118): Illuminate\\Foundation\\Http\\Kernel->reportException(Object(InvalidArgumentException))
#7 /home/adminos/Sites/amanatfish/index.php(55): Illuminate\\Foundation\\Http\\Kernel->handle(Object(Illuminate\\Http\\Request))
#8 {main}
"} 
[2019-03-22 13:56:23] laravel.ERROR: The "" directory does not exist. {"exception":"[object] (InvalidArgumentException(code: 0): The \"\" directory does not exist. at /home/adminos/Sites/amanatfish/vendor/symfony/finder/Finder.php:581)
[stacktrace]
#0 /home/adminos/Sites/amanatfish/vendor/laravel/framework/src/Illuminate/Foundation/Bootstrap/LoadConfiguration.php(87): Symfony\\Component\\Finder\\Finder->in(false)
#1 /home/adminos/Sites/amanatfish/vendor/laravel/framework/src/Illuminate/Foundation/Bootstrap/LoadConfiguration.php(64): Illuminate\\Foundation\\Bootstrap\\LoadConfiguration->getConfigurationFiles(Object(Illuminate\\Foundation\\Application))
#2 /home/adminos/Sites/amanatfish/vendor/laravel/framework/src/Illuminate/Foundation/Bootstrap/LoadConfiguration.php(39): Illuminate\\Foundation\\Bootstrap\\LoadConfiguration->loadConfigurationFiles(Object(Illuminate\\Foundation\\Application), Object(Illuminate\\Config\\Repository))
#3 /home/adminos/Sites/amanatfish/vendor/laravel/framework/src/Illuminate/Foundation/Application.php(206): Illuminate\\Foundation\\Bootstrap\\LoadConfiguration->bootstrap(Object(Illuminate\\Foundation\\Application))
#4 /home/adminos/Sites/amanatfish/vendor/laravel/framework/src/Illuminate/Foundation/Http/Kernel.php(162): Illuminate\\Foundation\\Application->bootstrapWith(Array)
#5 /home/adminos/Sites/amanatfish/vendor/laravel/framework/src/Illuminate/Foundation/Http/Kernel.php(146): Illuminate\\Foundation\\Http\\Kernel->bootstrap()
#6 /home/adminos/Sites/amanatfish/vendor/laravel/framework/src/Illuminate/Foundation/Http/Kernel.php(116): Illuminate\\Foundation\\Http\\Kernel->sendRequestThroughRouter(Object(Illuminate\\Http\\Request))
#7 /home/adminos/Sites/amanatfish/index.php(55): Illuminate\\Foundation\\Http\\Kernel->handle(Object(Illuminate\\Http\\Request))
#8 {main}
"} 
[2019-03-22 13:56:23] laravel.EMERGENCY: Unable to create configured logger. Using emergency logger. {"exception":"[object] (InvalidArgumentException(code: 0): Log [] is not defined. at /home/adminos/Sites/amanatfish/vendor/laravel/framework/src/Illuminate/Log/LogManager.php:181)
[stacktrace]
#0 /home/adminos/Sites/amanatfish/vendor/laravel/framework/src/Illuminate/Log/LogManager.php(115): Illuminate\\Log\\LogManager->resolve(NULL)
#1 /home/adminos/Sites/amanatfish/vendor/laravel/framework/src/Illuminate/Log/LogManager.php(103): Illuminate\\Log\\LogManager->get(NULL)
#2 /home/adminos/Sites/amanatfish/vendor/laravel/framework/src/Illuminate/Log/LogManager.php(526): Illuminate\\Log\\LogManager->driver()
#3 /home/adminos/Sites/amanatfish/vendor/laravel/framework/src/Illuminate/Foundation/Exceptions/Handler.php(113): Illuminate\\Log\\LogManager->error('The \"\" director...', Array)
#4 /home/adminos/Sites/amanatfish/app/Exceptions/Handler.php(37): Illuminate\\Foundation\\Exceptions\\Handler->report(Object(InvalidArgumentException))
#5 /home/adminos/Sites/amanatfish/vendor/laravel/framework/src/Illuminate/Foundation/Http/Kernel.php(314): App\\Exceptions\\Handler->report(Object(InvalidArgumentException))
#6 /home/adminos/Sites/amanatfish/vendor/laravel/framework/src/Illuminate/Foundation/Http/Kernel.php(118): Illuminate\\Foundation\\Http\\Kernel->reportException(Object(InvalidArgumentException))
#7 /home/adminos/Sites/amanatfish/index.php(55): Illuminate\\Foundation\\Http\\Kernel->handle(Object(Illuminate\\Http\\Request))
#8 {main}
"} 
[2019-03-22 13:56:23] laravel.ERROR: The "" directory does not exist. {"exception":"[object] (InvalidArgumentException(code: 0): The \"\" directory does not exist. at /home/adminos/Sites/amanatfish/vendor/symfony/finder/Finder.php:581)
[stacktrace]
#0 /home/adminos/Sites/amanatfish/vendor/laravel/framework/src/Illuminate/Foundation/Bootstrap/LoadConfiguration.php(87): Symfony\\Component\\Finder\\Finder->in(false)
#1 /home/adminos/Sites/amanatfish/vendor/laravel/framework/src/Illuminate/Foundation/Bootstrap/LoadConfiguration.php(64): Illuminate\\Foundation\\Bootstrap\\LoadConfiguration->getConfigurationFiles(Object(Illuminate\\Foundation\\Application))
#2 /home/adminos/Sites/amanatfish/vendor/laravel/framework/src/Illuminate/Foundation/Bootstrap/LoadConfiguration.php(39): Illuminate\\Foundation\\Bootstrap\\LoadConfiguration->loadConfigurationFiles(Object(Illuminate\\Foundation\\Application), Object(Illuminate\\Config\\Repository))
#3 /home/adminos/Sites/amanatfish/vendor/laravel/framework/src/Illuminate/Foundation/Application.php(206): Illuminate\\Foundation\\Bootstrap\\LoadConfiguration->bootstrap(Object(Illuminate\\Foundation\\Application))
#4 /home/adminos/Sites/amanatfish/vendor/laravel/framework/src/Illuminate/Foundation/Http/Kernel.php(162): Illuminate\\Foundation\\Application->bootstrapWith(Array)
#5 /home/adminos/Sites/amanatfish/vendor/laravel/framework/src/Illuminate/Foundation/Http/Kernel.php(146): Illuminate\\Foundation\\Http\\Kernel->bootstrap()
#6 /home/adminos/Sites/amanatfish/vendor/laravel/framework/src/Illuminate/Foundation/Http/Kernel.php(116): Illuminate\\Foundation\\Http\\Kernel->sendRequestThroughRouter(Object(Illuminate\\Http\\Request))
#7 /home/adminos/Sites/amanatfish/index.php(55): Illuminate\\Foundation\\Http\\Kernel->handle(Object(Illuminate\\Http\\Request))
#8 {main}
"} 
[2019-03-22 13:56:23] laravel.EMERGENCY: Unable to create configured logger. Using emergency logger. {"exception":"[object] (InvalidArgumentException(code: 0): Log [] is not defined. at /home/adminos/Sites/amanatfish/vendor/laravel/framework/src/Illuminate/Log/LogManager.php:181)
[stacktrace]
#0 /home/adminos/Sites/amanatfish/vendor/laravel/framework/src/Illuminate/Log/LogManager.php(115): Illuminate\\Log\\LogManager->resolve(NULL)
#1 /home/adminos/Sites/amanatfish/vendor/laravel/framework/src/Illuminate/Log/LogManager.php(103): Illuminate\\Log\\LogManager->get(NULL)
#2 /home/adminos/Sites/amanatfish/vendor/laravel/framework/src/Illuminate/Log/LogManager.php(526): Illuminate\\Log\\LogManager->driver()
#3 /home/adminos/Sites/amanatfish/vendor/laravel/framework/src/Illuminate/Foundation/Exceptions/Handler.php(113): Illuminate\\Log\\LogManager->error('The \"\" director...', Array)
#4 /home/adminos/Sites/amanatfish/app/Exceptions/Handler.php(37): Illuminate\\Foundation\\Exceptions\\Handler->report(Object(InvalidArgumentException))
#5 /home/adminos/Sites/amanatfish/vendor/laravel/framework/src/Illuminate/Foundation/Http/Kernel.php(314): App\\Exceptions\\Handler->report(Object(InvalidArgumentException))
#6 /home/adminos/Sites/amanatfish/vendor/laravel/framework/src/Illuminate/Foundation/Http/Kernel.php(118): Illuminate\\Foundation\\Http\\Kernel->reportException(Object(InvalidArgumentException))
#7 /home/adminos/Sites/amanatfish/index.php(55): Illuminate\\Foundation\\Http\\Kernel->handle(Object(Illuminate\\Http\\Request))
#8 {main}
"} 
[2019-03-22 13:56:23] laravel.ERROR: The "" directory does not exist. {"exception":"[object] (InvalidArgumentException(code: 0): The \"\" directory does not exist. at /home/adminos/Sites/amanatfish/vendor/symfony/finder/Finder.php:581)
[stacktrace]
#0 /home/adminos/Sites/amanatfish/vendor/laravel/framework/src/Illuminate/Foundation/Bootstrap/LoadConfiguration.php(87): Symfony\\Component\\Finder\\Finder->in(false)
#1 /home/adminos/Sites/amanatfish/vendor/laravel/framework/src/Illuminate/Foundation/Bootstrap/LoadConfiguration.php(64): Illuminate\\Foundation\\Bootstrap\\LoadConfiguration->getConfigurationFiles(Object(Illuminate\\Foundation\\Application))
#2 /home/adminos/Sites/amanatfish/vendor/laravel/framework/src/Illuminate/Foundation/Bootstrap/LoadConfiguration.php(39): Illuminate\\Foundation\\Bootstrap\\LoadConfiguration->loadConfigurationFiles(Object(Illuminate\\Foundation\\Application), Object(Illuminate\\Config\\Repository))
#3 /home/adminos/Sites/amanatfish/vendor/laravel/framework/src/Illuminate/Foundation/Application.php(206): Illuminate\\Foundation\\Bootstrap\\LoadConfiguration->bootstrap(Object(Illuminate\\Foundation\\Application))
#4 /home/adminos/Sites/amanatfish/vendor/laravel/framework/src/Illuminate/Foundation/Http/Kernel.php(162): Illuminate\\Foundation\\Application->bootstrapWith(Array)
#5 /home/adminos/Sites/amanatfish/vendor/laravel/framework/src/Illuminate/Foundation/Http/Kernel.php(146): Illuminate\\Foundation\\Http\\Kernel->bootstrap()
#6 /home/adminos/Sites/amanatfish/vendor/laravel/framework/src/Illuminate/Foundation/Http/Kernel.php(116): Illuminate\\Foundation\\Http\\Kernel->sendRequestThroughRouter(Object(Illuminate\\Http\\Request))
#7 /home/adminos/Sites/amanatfish/index.php(55): Illuminate\\Foundation\\Http\\Kernel->handle(Object(Illuminate\\Http\\Request))
#8 {main}
"} 
[2019-03-22 13:56:47] laravel.EMERGENCY: Unable to create configured logger. Using emergency logger. {"exception":"[object] (InvalidArgumentException(code: 0): Log [] is not defined. at /home/adminos/Sites/amanatfish/vendor/laravel/framework/src/Illuminate/Log/LogManager.php:181)
[stacktrace]
#0 /home/adminos/Sites/amanatfish/vendor/laravel/framework/src/Illuminate/Log/LogManager.php(115): Illuminate\\Log\\LogManager->resolve(NULL)
#1 /home/adminos/Sites/amanatfish/vendor/laravel/framework/src/Illuminate/Log/LogManager.php(103): Illuminate\\Log\\LogManager->get(NULL)
#2 /home/adminos/Sites/amanatfish/vendor/laravel/framework/src/Illuminate/Log/LogManager.php(526): Illuminate\\Log\\LogManager->driver()
#3 /home/adminos/Sites/amanatfish/vendor/laravel/framework/src/Illuminate/Foundation/Exceptions/Handler.php(113): Illuminate\\Log\\LogManager->error('The \"\" director...', Array)
#4 /home/adminos/Sites/amanatfish/app/Exceptions/Handler.php(37): Illuminate\\Foundation\\Exceptions\\Handler->report(Object(InvalidArgumentException))
#5 /home/adminos/Sites/amanatfish/vendor/laravel/framework/src/Illuminate/Foundation/Http/Kernel.php(314): App\\Exceptions\\Handler->report(Object(InvalidArgumentException))
#6 /home/adminos/Sites/amanatfish/vendor/laravel/framework/src/Illuminate/Foundation/Http/Kernel.php(118): Illuminate\\Foundation\\Http\\Kernel->reportException(Object(InvalidArgumentException))
#7 /home/adminos/Sites/amanatfish/index.php(55): Illuminate\\Foundation\\Http\\Kernel->handle(Object(Illuminate\\Http\\Request))
#8 {main}
"} 
[2019-03-22 13:56:47] laravel.ERROR: The "" directory does not exist. {"exception":"[object] (InvalidArgumentException(code: 0): The \"\" directory does not exist. at /home/adminos/Sites/amanatfish/vendor/symfony/finder/Finder.php:581)
[stacktrace]
#0 /home/adminos/Sites/amanatfish/vendor/laravel/framework/src/Illuminate/Foundation/Bootstrap/LoadConfiguration.php(87): Symfony\\Component\\Finder\\Finder->in(false)
#1 /home/adminos/Sites/amanatfish/vendor/laravel/framework/src/Illuminate/Foundation/Bootstrap/LoadConfiguration.php(64): Illuminate\\Foundation\\Bootstrap\\LoadConfiguration->getConfigurationFiles(Object(Illuminate\\Foundation\\Application))
#2 /home/adminos/Sites/amanatfish/vendor/laravel/framework/src/Illuminate/Foundation/Bootstrap/LoadConfiguration.php(39): Illuminate\\Foundation\\Bootstrap\\LoadConfiguration->loadConfigurationFiles(Object(Illuminate\\Foundation\\Application), Object(Illuminate\\Config\\Repository))
#3 /home/adminos/Sites/amanatfish/vendor/laravel/framework/src/Illuminate/Foundation/Application.php(206): Illuminate\\Foundation\\Bootstrap\\LoadConfiguration->bootstrap(Object(Illuminate\\Foundation\\Application))
#4 /home/adminos/Sites/amanatfish/vendor/laravel/framework/src/Illuminate/Foundation/Http/Kernel.php(162): Illuminate\\Foundation\\Application->bootstrapWith(Array)
#5 /home/adminos/Sites/amanatfish/vendor/laravel/framework/src/Illuminate/Foundation/Http/Kernel.php(146): Illuminate\\Foundation\\Http\\Kernel->bootstrap()
#6 /home/adminos/Sites/amanatfish/vendor/laravel/framework/src/Illuminate/Foundation/Http/Kernel.php(116): Illuminate\\Foundation\\Http\\Kernel->sendRequestThroughRouter(Object(Illuminate\\Http\\Request))
#7 /home/adminos/Sites/amanatfish/index.php(55): Illuminate\\Foundation\\Http\\Kernel->handle(Object(Illuminate\\Http\\Request))
#8 {main}
"} 
[2019-03-22 13:56:51] laravel.EMERGENCY: Unable to create configured logger. Using emergency logger. {"exception":"[object] (InvalidArgumentException(code: 0): Log [] is not defined. at /home/adminos/Sites/amanatfish/vendor/laravel/framework/src/Illuminate/Log/LogManager.php:181)
[stacktrace]
#0 /home/adminos/Sites/amanatfish/vendor/laravel/framework/src/Illuminate/Log/LogManager.php(115): Illuminate\\Log\\LogManager->resolve(NULL)
#1 /home/adminos/Sites/amanatfish/vendor/laravel/framework/src/Illuminate/Log/LogManager.php(103): Illuminate\\Log\\LogManager->get(NULL)
#2 /home/adminos/Sites/amanatfish/vendor/laravel/framework/src/Illuminate/Log/LogManager.php(526): Illuminate\\Log\\LogManager->driver()
#3 /home/adminos/Sites/amanatfish/vendor/laravel/framework/src/Illuminate/Foundation/Exceptions/Handler.php(113): Illuminate\\Log\\LogManager->error('The \"\" director...', Array)
#4 /home/adminos/Sites/amanatfish/app/Exceptions/Handler.php(37): Illuminate\\Foundation\\Exceptions\\Handler->report(Object(InvalidArgumentException))
#5 /home/adminos/Sites/amanatfish/vendor/laravel/framework/src/Illuminate/Foundation/Http/Kernel.php(314): App\\Exceptions\\Handler->report(Object(InvalidArgumentException))
#6 /home/adminos/Sites/amanatfish/vendor/laravel/framework/src/Illuminate/Foundation/Http/Kernel.php(118): Illuminate\\Foundation\\Http\\Kernel->reportException(Object(InvalidArgumentException))
#7 /home/adminos/Sites/amanatfish/index.php(55): Illuminate\\Foundation\\Http\\Kernel->handle(Object(Illuminate\\Http\\Request))
#8 {main}
"} 
[2019-03-22 13:56:51] laravel.ERROR: The "" directory does not exist. {"exception":"[object] (InvalidArgumentException(code: 0): The \"\" directory does not exist. at /home/adminos/Sites/amanatfish/vendor/symfony/finder/Finder.php:581)
[stacktrace]
#0 /home/adminos/Sites/amanatfish/vendor/laravel/framework/src/Illuminate/Foundation/Bootstrap/LoadConfiguration.php(87): Symfony\\Component\\Finder\\Finder->in(false)
#1 /home/adminos/Sites/amanatfish/vendor/laravel/framework/src/Illuminate/Foundation/Bootstrap/LoadConfiguration.php(64): Illuminate\\Foundation\\Bootstrap\\LoadConfiguration->getConfigurationFiles(Object(Illuminate\\Foundation\\Application))
#2 /home/adminos/Sites/amanatfish/vendor/laravel/framework/src/Illuminate/Foundation/Bootstrap/LoadConfiguration.php(39): Illuminate\\Foundation\\Bootstrap\\LoadConfiguration->loadConfigurationFiles(Object(Illuminate\\Foundation\\Application), Object(Illuminate\\Config\\Repository))
#3 /home/adminos/Sites/amanatfish/vendor/laravel/framework/src/Illuminate/Foundation/Application.php(206): Illuminate\\Foundation\\Bootstrap\\LoadConfiguration->bootstrap(Object(Illuminate\\Foundation\\Application))
#4 /home/adminos/Sites/amanatfish/vendor/laravel/framework/src/Illuminate/Foundation/Http/Kernel.php(162): Illuminate\\Foundation\\Application->bootstrapWith(Array)
#5 /home/adminos/Sites/amanatfish/vendor/laravel/framework/src/Illuminate/Foundation/Http/Kernel.php(146): Illuminate\\Foundation\\Http\\Kernel->bootstrap()
#6 /home/adminos/Sites/amanatfish/vendor/laravel/framework/src/Illuminate/Foundation/Http/Kernel.php(116): Illuminate\\Foundation\\Http\\Kernel->sendRequestThroughRouter(Object(Illuminate\\Http\\Request))
#7 /home/adminos/Sites/amanatfish/index.php(55): Illuminate\\Foundation\\Http\\Kernel->handle(Object(Illuminate\\Http\\Request))
#8 {main}
"} 
